F:\WORKSPACE\VISUAL STUDIO 2010\PROJECTS\ROBOTVIS3D\DEBUG\ROBOTVIS3D.EXE
F:\WORKSPACE\VISUAL STUDIO 2010\PROJECTS\ROBOTVIS3D\DEBUG\ROBOTVIS3D.ILK
F:\WORKSPACE\VISUAL STUDIO 2010\PROJECTS\ROBOTVIS3D\DEBUG\ROBOTVIS3D.PDB
F:\WorkSpace\Visual Studio 2010\Projects\RobotVis3D\RobotVis3D\Debug\cl.command.1.tlog
F:\WorkSpace\Visual Studio 2010\Projects\RobotVis3D\RobotVis3D\Debug\CL.read.1.tlog
F:\WorkSpace\Visual Studio 2010\Projects\RobotVis3D\RobotVis3D\Debug\CL.write.1.tlog
F:\WORKSPACE\VISUAL STUDIO 2010\PROJECTS\ROBOTVIS3D\ROBOTVIS3D\DEBUG\GETDATA.OBJ
F:\WorkSpace\Visual Studio 2010\Projects\RobotVis3D\RobotVis3D\Debug\link.3980.read.1.tlog
F:\WorkSpace\Visual Studio 2010\Projects\RobotVis3D\RobotVis3D\Debug\link.3980.write.1.tlog
F:\WorkSpace\Visual Studio 2010\Projects\RobotVis3D\RobotVis3D\Debug\link.3980-cvtres.read.1.tlog
F:\WorkSpace\Visual Studio 2010\Projects\RobotVis3D\RobotVis3D\Debug\link.3980-cvtres.write.1.tlog
F:\WorkSpace\Visual Studio 2010\Projects\RobotVis3D\RobotVis3D\Debug\link.command.1.tlog
F:\WorkSpace\Visual Studio 2010\Projects\RobotVis3D\RobotVis3D\Debug\link.read.1.tlog
F:\WorkSpace\Visual Studio 2010\Projects\RobotVis3D\RobotVis3D\Debug\link.write.1.tlog
F:\WorkSpace\Visual Studio 2010\Projects\RobotVis3D\RobotVis3D\Debug\link-cvtres.read.1.tlog
F:\WorkSpace\Visual Studio 2010\Projects\RobotVis3D\RobotVis3D\Debug\link-cvtres.write.1.tlog
F:\WorkSpace\Visual Studio 2010\Projects\RobotVis3D\RobotVis3D\Debug\mt.command.1.tlog
F:\WorkSpace\Visual Studio 2010\Projects\RobotVis3D\RobotVis3D\Debug\mt.read.1.tlog
F:\WorkSpace\Visual Studio 2010\Projects\RobotVis3D\RobotVis3D\Debug\mt.write.1.tlog
F:\WorkSpace\Visual Studio 2010\Projects\RobotVis3D\RobotVis3D\Debug\rc.command.1.tlog
F:\WorkSpace\Visual Studio 2010\Projects\RobotVis3D\RobotVis3D\Debug\rc.read.1.tlog
F:\WorkSpace\Visual Studio 2010\Projects\RobotVis3D\RobotVis3D\Debug\rc.write.1.tlog
F:\WORKSPACE\VISUAL STUDIO 2010\PROJECTS\ROBOTVIS3D\ROBOTVIS3D\DEBUG\ROBOTVIS3D.EXE.EMBED.MANIFEST
F:\WORKSPACE\VISUAL STUDIO 2010\PROJECTS\ROBOTVIS3D\ROBOTVIS3D\DEBUG\ROBOTVIS3D.EXE.EMBED.MANIFEST.RES
F:\WORKSPACE\VISUAL STUDIO 2010\PROJECTS\ROBOTVIS3D\ROBOTVIS3D\DEBUG\ROBOTVIS3D.EXE.INTERMEDIATE.MANIFEST
F:\WORKSPACE\VISUAL STUDIO 2010\PROJECTS\ROBOTVIS3D\ROBOTVIS3D\DEBUG\ROBOTVIS3D.PCH
F:\WorkSpace\Visual Studio 2010\Projects\RobotVis3D\RobotVis3D\Debug\RobotVis3D.write.1.tlog
F:\WorkSpace\Visual Studio 2010\Projects\RobotVis3D\RobotVis3D\Debug\RobotVis3D_manifest.rc
F:\WORKSPACE\VISUAL STUDIO 2010\PROJECTS\ROBOTVIS3D\ROBOTVIS3D\DEBUG\STDAFX.OBJ
F:\WorkSpace\Visual Studio 2010\Projects\RobotVis3D\RobotVis3D\Debug\vc100.idb
F:\WORKSPACE\VISUAL STUDIO 2010\PROJECTS\ROBOTVIS3D\ROBOTVIS3D\DEBUG\VC100.PDB
F:\WORKSPACE\VISUAL STUDIO 2010\PROJECTS\ROBOTVIS3D\ROBOTVIS3D\DEBUG\VISUALIZATION.OBJ
