生成启动时间为 2015/2/11 0:43:00。
     1>项目“F:\WorkSpace\Visual Studio 2010\Projects\RobotVis3D\RobotVis3D\RobotVis3D.vcxproj”在节点 2 上(build 个目标)。
     1>InitializeBuildStatus:
         正在对“Release\RobotVis3D.unsuccessfulbuild”执行 Touch 任务。
       ClCompile:
         所有输出均为最新。
         D:\Program Files (x86)\Microsoft Visual Studio 10.0\VC\bin\CL.exe /c /Zi /nologo /W3 /WX- /O2 /Oi /Oy- /GL /D WIN32 /D NDEBUG /D _CONSOLE /D _UNICODE /D UNICODE /Gm- /EHsc /MD /GS /Gy /fp:precise /Zc:wchar_t /Zc:forScope /Yu"StdAfx.h" /Fp"Release\RobotVis3D.pch" /Fo"Release\\" /Fd"Release\vc100.pdb" /Gd /TP /analyze- /errorReport:prompt Visualization.cpp
         Visualization.cpp
     1>Visualization.cpp(62): warning C4996: 'fopen': This function or variable may be unsafe. Consider using fopen_s instead. To disable deprecation, use _CRT_SECURE_NO_WARNINGS. See online help for details.
                 D:\Program Files (x86)\Microsoft Visual Studio 10.0\VC\include\stdio.h(234) : 参见“fopen”的声明
     1>Visualization.cpp(360): warning C4018: “<=”: 有符号/无符号不匹配
     1>Visualization.cpp(452): warning C4018: “<”: 有符号/无符号不匹配
     1>Visualization.cpp(474): warning C4018: “<”: 有符号/无符号不匹配
     1>Visualization.cpp(564): warning C4018: “<”: 有符号/无符号不匹配
       Link:
         D:\Program Files (x86)\Microsoft Visual Studio 10.0\VC\bin\link.exe /ERRORREPORT:PROMPT /OUT:"F:\WorkSpace\Visual Studio 2010\Projects\RobotVis3D\Release\RobotVis3D.exe" /INCREMENTAL:NO /NOLOGO kernel32.lib user32.lib gdi32.lib winspool.lib comdlg32.lib advapi32.lib shell32.lib ole32.lib oleaut32.lib uuid.lib odbc32.lib odbccp32.lib /MANIFEST /ManifestFile:"Release\RobotVis3D.exe.intermediate.manifest" /MANIFESTUAC:"level='asInvoker' uiAccess='false'" /DEBUG /PDB:"F:\WorkSpace\Visual Studio 2010\Projects\RobotVis3D\Release\RobotVis3D.pdb" /SUBSYSTEM:CONSOLE /OPT:REF /OPT:ICF /LTCG /TLBID:1 /DYNAMICBASE /NXCOMPAT /IMPLIB:"F:\WorkSpace\Visual Studio 2010\Projects\RobotVis3D\Release\RobotVis3D.lib" /MACHINE:X86 Release\GetData.obj
         Release\stdafx.obj
         Release\Visualization.obj
         正在生成代码
         已完成代码的生成
         RobotVis3D.vcxproj -> F:\WorkSpace\Visual Studio 2010\Projects\RobotVis3D\Release\RobotVis3D.exe
       Manifest:
         C:\Program Files (x86)\Microsoft SDKs\Windows\v7.0A\bin\mt.exe /nologo /verbose /outputresource:"F:\WorkSpace\Visual Studio 2010\Projects\RobotVis3D\Release\RobotVis3D.exe;#1" /manifest Release\RobotVis3D.exe.intermediate.manifest
       FinalizeBuildStatus:
         正在删除文件“Release\RobotVis3D.unsuccessfulbuild”。
         正在对“Release\RobotVis3D.lastbuildstate”执行 Touch 任务。
     1>已完成生成项目“F:\WorkSpace\Visual Studio 2010\Projects\RobotVis3D\RobotVis3D\RobotVis3D.vcxproj”(build 个目标)的操作。

生成成功。

已用时间 00:00:09.08
